<?xml version="1.0" encoding="UTF-8"?>
<!-- Generated by org.testng.reporters.JUnitXMLReporter -->
<testsuite hostname="SINHAVAI2" ignored="0" name="Default test" tests="3" failures="0" timestamp="2021-06-07T14:59:36 IST" time="87.922" errors="0">
  <testcase name="verifyContactLable" time="1.866" classname="com.crm.qa.testcases.ContactPageTest"/>
  <testcase name="selectContactsText" time="2.183" classname="com.crm.qa.testcases.ContactPageTest"/>
  <testcase name="validateCreateNewContact" time="6.121" classname="com.crm.qa.testcases.ContactPageTest"/>
</testsuite> <!-- Default test -->
