<?xml version="1.0" encoding="UTF-8"?>
<testng-results skipped="0" failed="0" ignored="0" total="3" passed="3">
  <reporter-output>
  </reporter-output>
  <suite name="Default suite" duration-ms="87922" started-at="2021-06-07T14:58:08 IST" finished-at="2021-06-07T14:59:36 IST">
    <groups>
    </groups>
    <test name="Default test" duration-ms="87922" started-at="2021-06-07T14:58:08 IST" finished-at="2021-06-07T14:59:36 IST">
      <class name="com.crm.qa.testcases.ContactPageTest">
        <test-method status="PASS" signature="setUp()[pri:0, instance:com.crm.qa.testcases.ContactPageTest@2d6eabae]" name="setUp" is-config="true" duration-ms="24161" started-at="2021-06-07T14:58:08 IST" finished-at="2021-06-07T14:58:32 IST">
          <reporter-output>
          </reporter-output>
        </test-method> <!-- setUp -->
        <test-method status="PASS" signature="verifyContactLable()[pri:1, instance:com.crm.qa.testcases.ContactPageTest@2d6eabae]" name="verifyContactLable" duration-ms="1866" started-at="2021-06-07T14:58:32 IST" finished-at="2021-06-07T14:58:34 IST">
          <reporter-output>
          </reporter-output>
        </test-method> <!-- verifyContactLable -->
        <test-method status="PASS" signature="tearDown()[pri:0, instance:com.crm.qa.testcases.ContactPageTest@2d6eabae]" name="tearDown" is-config="true" duration-ms="2886" started-at="2021-06-07T14:58:34 IST" finished-at="2021-06-07T14:58:37 IST">
          <reporter-output>
          </reporter-output>
        </test-method> <!-- tearDown -->
        <test-method status="PASS" signature="setUp()[pri:0, instance:com.crm.qa.testcases.ContactPageTest@2d6eabae]" name="setUp" is-config="true" duration-ms="21281" started-at="2021-06-07T14:58:37 IST" finished-at="2021-06-07T14:58:58 IST">
          <reporter-output>
          </reporter-output>
        </test-method> <!-- setUp -->
        <test-method status="PASS" signature="selectContactsText()[pri:2, instance:com.crm.qa.testcases.ContactPageTest@2d6eabae]" name="selectContactsText" duration-ms="2183" started-at="2021-06-07T14:58:58 IST" finished-at="2021-06-07T14:59:00 IST">
          <reporter-output>
          </reporter-output>
        </test-method> <!-- selectContactsText -->
        <test-method status="PASS" signature="tearDown()[pri:0, instance:com.crm.qa.testcases.ContactPageTest@2d6eabae]" name="tearDown" is-config="true" duration-ms="2970" started-at="2021-06-07T14:59:00 IST" finished-at="2021-06-07T14:59:03 IST">
          <reporter-output>
          </reporter-output>
        </test-method> <!-- tearDown -->
        <test-method status="PASS" signature="setUp()[pri:0, instance:com.crm.qa.testcases.ContactPageTest@2d6eabae]" name="setUp" is-config="true" duration-ms="22065" started-at="2021-06-07T14:59:03 IST" finished-at="2021-06-07T14:59:25 IST">
          <reporter-output>
          </reporter-output>
        </test-method> <!-- setUp -->
        <test-method status="PASS" signature="validateCreateNewContact()[pri:3, instance:com.crm.qa.testcases.ContactPageTest@2d6eabae]" name="validateCreateNewContact" duration-ms="6121" started-at="2021-06-07T14:59:25 IST" finished-at="2021-06-07T14:59:31 IST">
          <reporter-output>
          </reporter-output>
        </test-method> <!-- validateCreateNewContact -->
        <test-method status="PASS" signature="tearDown()[pri:0, instance:com.crm.qa.testcases.ContactPageTest@2d6eabae]" name="tearDown" is-config="true" duration-ms="4292" started-at="2021-06-07T14:59:31 IST" finished-at="2021-06-07T14:59:36 IST">
          <reporter-output>
          </reporter-output>
        </test-method> <!-- tearDown -->
      </class> <!-- com.crm.qa.testcases.ContactPageTest -->
    </test> <!-- Default test -->
  </suite> <!-- Default suite -->
</testng-results>
