<?xml version="1.0" encoding="UTF-8"?>
<!-- Generated by org.testng.reporters.JUnitXMLReporter -->
<testsuite hostname="SINHAVAI2" ignored="1" name="Grouping in TestNG" tests="2" failures="2" timestamp="2021-06-16T19:04:17 IST" time="0.12" errors="0">
  <testcase name="selectContactsText" time="0.021" classname="com.crm.qa.testcases.ContactPageTest">
    <failure type="java.lang.NullPointerException">
      <![CDATA[java.lang.NullPointerException
at com.crm.qa.testcases.ContactPageTest.selectContactsText(ContactPageTest.java:45)
at java.util.ArrayList.forEach(ArrayList.java:1257)
... Removed 27 stack frames]]>
    </failure>
  </testcase> <!-- selectContactsText -->
  <testcase name="verifyContactLable" time="0.001" classname="com.crm.qa.testcases.ContactPageTest">
    <failure type="java.lang.NullPointerException">
      <![CDATA[java.lang.NullPointerException
at com.crm.qa.testcases.ContactPageTest.verifyContactLable(ContactPageTest.java:38)
at java.util.ArrayList.forEach(ArrayList.java:1257)
... Removed 27 stack frames]]>
    </failure>
  </testcase> <!-- verifyContactLable -->
  <testcase name="validateCreateNewContact" time="0.0" classname="com.crm.qa.testcases.ContactPageTest">
    <ignored/>
  </testcase> <!-- validateCreateNewContact -->
</testsuite> <!-- Grouping in TestNG -->
